<?xml version="1.0" encoding="UTF-8"?>
<!-- Generated by org.testng.reporters.JUnitXMLReporter -->
<testsuite hostname="LT095011" ignored="0" name="Default test" tests="5" failures="0" timestamp="18 Aug 2022 17:47:28 GMT" time="59.904" errors="0">
  <testcase name="verifyMandatoryCountry" time="16.972" classname="com.CollageFinder.test.VerifyMandatory"/>
  <testcase name="verifyMandatoryMajor" time="13.579" classname="com.CollageFinder.test.VerifyMandatory"/>
  <testcase name="verifyMandatoryCollagelist" time="17.846" classname="com.CollageFinder.test.VerifyMandatory"/>
  <testcase name="verifyMandatoryMajorCourses" time="3.317" classname="com.CollageFinder.test.VerifyMandatory"/>
  <testcase name="verifyScoreMandatory" time="3.551" classname="com.CollageFinder.test.VerifyMandatory"/>
</testsuite> <!-- Default test -->
