<?xml version="1.0" encoding="UTF-8"?>
<testng-results skipped="0" failed="0" ignored="0" total="5" passed="5">
  <reporter-output>
  </reporter-output>
  <suite name="Default suite" duration-ms="59904" started-at="2022-08-18T17:46:28Z" finished-at="2022-08-18T17:47:28Z">
    <groups>
    </groups>
    <test name="Default test" duration-ms="59904" started-at="2022-08-18T17:46:28Z" finished-at="2022-08-18T17:47:28Z">
      <class name="com.CollageFinder.test.VerifyMandatory">
        <test-method status="PASS" signature="report()[pri:0, instance:com.CollageFinder.test.VerifyMandatory@9838eb]" name="report" is-config="true" duration-ms="417" started-at="2022-08-18T17:46:28Z" finished-at="2022-08-18T17:46:29Z">
          <reporter-output>
          </reporter-output>
        </test-method> <!-- report -->
        <test-method status="PASS" signature="beforeClass()[pri:0, instance:com.CollageFinder.test.VerifyMandatory@9838eb]" name="beforeClass" is-config="true" duration-ms="3550" started-at="2022-08-18T17:46:29Z" finished-at="2022-08-18T17:46:32Z">
          <reporter-output>
          </reporter-output>
        </test-method> <!-- beforeClass -->
        <test-method status="PASS" signature="method(java.lang.reflect.Method)[pri:0, instance:com.CollageFinder.test.VerifyMandatory@9838eb]" name="method" is-config="true" duration-ms="9" started-at="2022-08-18T17:46:32Z" finished-at="2022-08-18T17:46:32Z">
          <params>
            <param index="0">
              <value>
                <![CDATA[public void com.CollageFinder.test.VerifyMandatory.verifyMandatoryCountry() throws java.io.IOException,java.lang.InterruptedException]]>
              </value>
            </param>
          </params>
          <reporter-output>
          </reporter-output>
        </test-method> <!-- method -->
        <test-method status="PASS" signature="verifyMandatoryCountry()[pri:1, instance:com.CollageFinder.test.VerifyMandatory@9838eb]" name="verifyMandatoryCountry" duration-ms="16972" started-at="2022-08-18T17:46:32Z" finished-at="2022-08-18T17:46:49Z">
          <reporter-output>
          </reporter-output>
        </test-method> <!-- verifyMandatoryCountry -->
        <test-method status="PASS" signature="method(java.lang.reflect.Method)[pri:0, instance:com.CollageFinder.test.VerifyMandatory@9838eb]" name="method" is-config="true" duration-ms="1" started-at="2022-08-18T17:46:49Z" finished-at="2022-08-18T17:46:49Z">
          <params>
            <param index="0">
              <value>
                <![CDATA[public void com.CollageFinder.test.VerifyMandatory.verifyMandatoryMajor() throws java.io.IOException,java.lang.InterruptedException]]>
              </value>
            </param>
          </params>
          <reporter-output>
          </reporter-output>
        </test-method> <!-- method -->
        <test-method status="PASS" signature="verifyMandatoryMajor()[pri:2, instance:com.CollageFinder.test.VerifyMandatory@9838eb]" name="verifyMandatoryMajor" duration-ms="13579" started-at="2022-08-18T17:46:49Z" finished-at="2022-08-18T17:47:03Z">
          <reporter-output>
          </reporter-output>
        </test-method> <!-- verifyMandatoryMajor -->
        <test-method status="PASS" signature="method(java.lang.reflect.Method)[pri:0, instance:com.CollageFinder.test.VerifyMandatory@9838eb]" name="method" is-config="true" duration-ms="0" started-at="2022-08-18T17:47:03Z" finished-at="2022-08-18T17:47:03Z">
          <params>
            <param index="0">
              <value>
                <![CDATA[public void com.CollageFinder.test.VerifyMandatory.verifyMandatoryCollagelist() throws java.io.IOException,java.lang.InterruptedException]]>
              </value>
            </param>
          </params>
          <reporter-output>
          </reporter-output>
        </test-method> <!-- method -->
        <test-method status="PASS" signature="verifyMandatoryCollagelist()[pri:3, instance:com.CollageFinder.test.VerifyMandatory@9838eb]" name="verifyMandatoryCollagelist" duration-ms="17846" started-at="2022-08-18T17:47:03Z" finished-at="2022-08-18T17:47:21Z">
          <reporter-output>
          </reporter-output>
        </test-method> <!-- verifyMandatoryCollagelist -->
        <test-method status="PASS" signature="method(java.lang.reflect.Method)[pri:0, instance:com.CollageFinder.test.VerifyMandatory@9838eb]" name="method" is-config="true" duration-ms="0" started-at="2022-08-18T17:47:21Z" finished-at="2022-08-18T17:47:21Z">
          <params>
            <param index="0">
              <value>
                <![CDATA[public void com.CollageFinder.test.VerifyMandatory.verifyMandatoryMajorCourses() throws java.lang.InterruptedException,java.io.IOException]]>
              </value>
            </param>
          </params>
          <reporter-output>
          </reporter-output>
        </test-method> <!-- method -->
        <test-method status="PASS" signature="verifyMandatoryMajorCourses()[pri:4, instance:com.CollageFinder.test.VerifyMandatory@9838eb]" name="verifyMandatoryMajorCourses" duration-ms="3317" started-at="2022-08-18T17:47:21Z" finished-at="2022-08-18T17:47:24Z">
          <reporter-output>
          </reporter-output>
        </test-method> <!-- verifyMandatoryMajorCourses -->
        <test-method status="PASS" signature="verifyScoreMandatory()[pri:5, instance:com.CollageFinder.test.VerifyMandatory@9838eb]" name="verifyScoreMandatory" duration-ms="3551" started-at="2022-08-18T17:47:24Z" finished-at="2022-08-18T17:47:28Z">
          <reporter-output>
          </reporter-output>
        </test-method> <!-- verifyScoreMandatory -->
        <test-method status="PASS" signature="method(java.lang.reflect.Method)[pri:0, instance:com.CollageFinder.test.VerifyMandatory@9838eb]" name="method" is-config="true" duration-ms="0" started-at="2022-08-18T17:47:24Z" finished-at="2022-08-18T17:47:24Z">
          <params>
            <param index="0">
              <value>
                <![CDATA[public void com.CollageFinder.test.VerifyMandatory.verifyScoreMandatory() throws java.lang.InterruptedException,java.io.IOException]]>
              </value>
            </param>
          </params>
          <reporter-output>
          </reporter-output>
        </test-method> <!-- method -->
        <test-method status="PASS" signature="afterClass()[pri:0, instance:com.CollageFinder.test.VerifyMandatory@9838eb]" name="afterClass" is-config="true" duration-ms="561" started-at="2022-08-18T17:47:28Z" finished-at="2022-08-18T17:47:28Z">
          <reporter-output>
          </reporter-output>
        </test-method> <!-- afterClass -->
      </class> <!-- com.CollageFinder.test.VerifyMandatory -->
    </test> <!-- Default test -->
  </suite> <!-- Default suite -->
</testng-results>
